<?xml version="1.0" encoding="UTF-8"?>
<!-- Generated by org.testng.reporters.JUnitXMLReporter -->
<testsuite ignored="0" hostname="DESKTOP-F7R8644" failures="0" tests="4" name="Test" time="43.013" errors="0" timestamp="2022-01-07T11:58:04 IST">
  <testcase classname="dataDrivenTestScripts.UnTestScriptOfDDT" name="correctUsername" time="12.136"/>
  <testcase classname="dataDrivenTestScripts.BothCrtTestScriptOfDDT" name="correctCredentials" time="14.246"/>
  <testcase classname="dataDrivenTestScripts.BothInCrtTestScriptOfDDT" name="IncorrectCredentials" time="8.636"/>
  <testcase classname="dataDrivenTestScripts.PwdTestScriptOfDDT" name="correctPassword" time="7.915"/>
</testsuite> <!-- Test -->
