<?xml version="1.0" encoding="UTF-8"?>
<testng-results ignored="0" total="1" passed="1" failed="0" skipped="0">
  <reporter-output>
  </reporter-output>
  <suite started-at="2022-02-27T17:00:04 IST" name="Default suite" finished-at="2022-02-27T17:00:18 IST" duration-ms="14049">
    <groups>
    </groups>
    <test started-at="2022-02-27T17:00:04 IST" name="Default test" finished-at="2022-02-27T17:00:18 IST" duration-ms="14049">
      <class name="sampleTests.ShadowDomInChromeDownloads">
        <test-method signature="shadowDomTest()[pri:0, instance:sampleTests.ShadowDomInChromeDownloads@769e7ee8]" started-at="2022-02-27T17:00:04 IST" name="shadowDomTest" finished-at="2022-02-27T17:00:18 IST" duration-ms="13975" status="PASS">
          <reporter-output>
          </reporter-output>
        </test-method> <!-- shadowDomTest -->
      </class> <!-- sampleTests.ShadowDomInChromeDownloads -->
    </test> <!-- Default test -->
  </suite> <!-- Default suite -->
</testng-results>
